<?xml version="1.0" encoding="utf-8"?><testsuites><testsuite name="pytest" errors="0" failures="0" skipped="0" tests="47" time="16.994" timestamp="2022-08-14T15:51:51.650291" hostname="DESKTOP-OLB8G0G"><testcase classname="Server.Adapter.Test.test_Adapter" name="test_Adapter" time="0.665" /><testcase classname="Server.Adapter.Test.test_Adapter_Activity" name="test_Adapter_Activity_Activate" time="0.020" /><testcase classname="Server.Adapter.Test.test_Adapter_Activity" name="test_Adapter_Activity_Code_Correct" time="0.245" /><testcase classname="Server.Adapter.Test.test_Adapter_Activity" name="test_Adapter_Activity_Code_Incorrect" time="0.268" /><testcase classname="Server.Adapter.Test.test_Adapter_Activity" name="test_Adapter_Activity_Date_Correct" time="0.313" /><testcase classname="Server.Adapter.Test.test_Adapter_Activity" name="test_Adapter_Activity_Date_Incorrect" time="0.296" /><testcase classname="Server.Adapter.Test.test_Adapter_Activity" name="test_Adapter_Activity_Billable_Hours_Correct" time="0.305" /><testcase classname="Server.Adapter.Test.test_Adapter_Activity" name="test_Adapter_Activity_Billable_Hours_Incorrect" time="0.306" /><testcase classname="Server.Adapter.Test.test_Adapter_Activity" name="test_Adapter_Activity_Travel_Hours_Correct" time="0.305" /><testcase classname="Server.Adapter.Test.test_Adapter_Activity" name="test_Adapter_Activity_Travel_Hours_Incorrect" time="0.232" /><testcase classname="Server.Adapter.Test.test_Adapter_Activity" name="test_Adapter_Activity_Billable_Travel_Hours_Correct" time="0.489" /><testcase classname="Server.Adapter.Test.test_Adapter_Activity" name="test_Adapter_Activity_Billable_Travel_Hours_Incorrect" time="0.432" /><testcase classname="Server.Adapter.Test.test_Adapter_Activity" name="test_Adapter_Activity_Area_Correct_Imola" time="0.677" /><testcase classname="Server.Adapter.Test.test_Adapter_Activity" name="test_Adapter_Activity_Area_Correct_Bologna" time="0.723" /><testcase classname="Server.Adapter.Test.test_Adapter_Activity" name="test_Adapter_Activity_Area_Incorrect" time="0.714" /><testcase classname="Server.Adapter.Test.test_Adapter_Activity" name="test_Adapter_Activity_Billable_True" time="1.012" /><testcase classname="Server.Adapter.Test.test_Adapter_Activity" name="test_Adapter_Activity_Billable_No" time="0.751" /><testcase classname="Server.Adapter.Test.test_Adapter_Activity" name="test_Adapter_Activity_Billable_Incorrect" time="0.810" /><testcase classname="Server.Adapter.Test.test_Adapter_Gate" name="test_Adapter_Gate_Activate" time="0.032" /><testcase classname="Server.Adapter.Test.test_Adapter_Gate" name="test_Adapter_Presence_Location_Incorrect" time="0.376" /><testcase classname="Server.Adapter.Test.test_Adapter_Login" name="test_Adapter_Login_Activate" time="0.030" /><testcase classname="Server.Adapter.Test.test_Adapter_Login" name="test_Adapter_Login_Api_Correct" time="0.039" /><testcase classname="Server.Adapter.Test.test_Adapter_Login" name="test_Adapter_Login_Api_Incorrect" time="0.059" /><testcase classname="Server.Adapter.Test.test_Adapter_Login" name="test_Adapter_Login_Already_Logged" time="0.012" /><testcase classname="Server.Adapter.Test.test_Adapter_Logout" name="test_Logout_Correct" time="0.019" /><testcase classname="Server.Adapter.Test.test_Adapter_Presence" name="test_Adapter_Presence_Activate" time="0.021" /><testcase classname="Server.Adapter.Test.test_Adapter_Presence" name="test_Adapter_Presence_Location_Correct" time="0.472" /><testcase classname="Server.Adapter.Test.test_Adapter_Presence" name="test_Adapter_Presence_Location_Incorrect" time="0.271" /><testcase classname="Server.Adapter.Test.test_Adapter_Project_Creation" name="test_Adapter_Creation_Activate" time="0.033" /><testcase classname="Server.Adapter.Test.test_Adapter_Project_Creation" name="test_Adapter_Creation_Code_Correct" time="0.303" /><testcase classname="Server.Adapter.Test.test_Adapter_Project_Creation" name="test_Adapter_Creation_Code_Incorrect" time="0.299" /><testcase classname="Server.Adapter.Test.test_Adapter_Project_Creation" name="test_Adapter_Creation_Description_Correct" time="0.307" /><testcase classname="Server.Adapter.Test.test_Adapter_Project_Creation" name="test_Adapter_Creation_Client_Correct" time="0.268" /><testcase classname="Server.Adapter.Test.test_Adapter_Project_Creation" name="test_Adapter_Creation_Manager_Correct" time="0.303" /><testcase classname="Server.Adapter.Test.test_Adapter_Project_Creation" name="test_Adapter_Creation_Area_Correct_Imola" time="0.541" /><testcase classname="Server.Adapter.Test.test_Adapter_Project_Creation" name="test_Adapter_Creation_Area_Correct_Bologna" time="0.515" /><testcase classname="Server.Adapter.Test.test_Adapter_Project_Creation" name="test_Adapter_Creation_Area_Incorrect" time="0.504" /><testcase classname="Server.Adapter.Test.test_Adapter_Project_Creation" name="test_Adapter_Creation_Start_Date_Correct" time="0.514" /><testcase classname="Server.Adapter.Test.test_Adapter_Project_Creation" name="test_Adapter_Creation_Start_Date_Incorrect" time="0.572" /><testcase classname="Server.Adapter.Test.test_Adapter_Project_Creation" name="test_Adapter_Creation_End_Date_Correct" time="0.542" /><testcase classname="Server.Adapter.Test.test_Adapter_Project_Creation" name="test_Adapter_Creation_End_Date_Incorrect" time="0.515" /><testcase classname="Server.Adapter.Test.test_Adapter_Undo" name="test_ouput_Consuntivazione" time="0.299" /><testcase classname="Server.Adapter.Test.test_Adapter_Undo" name="test_output_Not_Logged" time="0.030" /><testcase classname="Server.Adapter.Test.test_Adapter_Undo" name="test_output_No_Operation" time="0.039" /><testcase classname="Server.State.Test.test_State_Null" name="test_State_Null" time="0.004" /><testcase classname="Server.Test.test_Server" name="test_Server_No_Login" time="0.032" /><testcase classname="Server.Test.test_Server" name="test_Server_No_Adapter" time="0.038" /></testsuite></testsuites>