<?xml version="1.0" encoding="utf-8"?><testsuites><testsuite name="pytest" errors="0" failures="0" skipped="0" tests="47" time="9.379" timestamp="2022-08-14T10:11:01.058890" hostname="DESKTOP-OLB8G0G"><testcase classname="Adapter.Test.test_Adapter" name="test_Adapter" time="0.449" /><testcase classname="Adapter.Test.test_Adapter_Activity" name="test_Adapter_Activity_Activate" time="0.016" /><testcase classname="Adapter.Test.test_Adapter_Activity" name="test_Adapter_Activity_Code_Correct" time="0.244" /><testcase classname="Adapter.Test.test_Adapter_Activity" name="test_Adapter_Activity_Code_Incorrect" time="0.269" /><testcase classname="Adapter.Test.test_Adapter_Activity" name="test_Adapter_Activity_Date_Correct" time="0.207" /><testcase classname="Adapter.Test.test_Adapter_Activity" name="test_Adapter_Activity_Date_Incorrect" time="0.234" /><testcase classname="Adapter.Test.test_Adapter_Activity" name="test_Adapter_Activity_Billable_Hours_Correct" time="0.272" /><testcase classname="Adapter.Test.test_Adapter_Activity" name="test_Adapter_Activity_Billable_Hours_Incorrect" time="0.242" /><testcase classname="Adapter.Test.test_Adapter_Activity" name="test_Adapter_Activity_Travel_Hours_Correct" time="0.266" /><testcase classname="Adapter.Test.test_Adapter_Activity" name="test_Adapter_Activity_Travel_Hours_Incorrect" time="0.239" /><testcase classname="Adapter.Test.test_Adapter_Activity" name="test_Adapter_Activity_Billable_Travel_Hours_Correct" time="0.270" /><testcase classname="Adapter.Test.test_Adapter_Activity" name="test_Adapter_Activity_Billable_Travel_Hours_Incorrect" time="0.235" /><testcase classname="Adapter.Test.test_Adapter_Activity" name="test_Adapter_Activity_Area_Correct_Imola" time="0.207" /><testcase classname="Adapter.Test.test_Adapter_Activity" name="test_Adapter_Activity_Area_Correct_Bologna" time="0.267" /><testcase classname="Adapter.Test.test_Adapter_Activity" name="test_Adapter_Activity_Area_Incorrect" time="0.202" /><testcase classname="Adapter.Test.test_Adapter_Activity" name="test_Adapter_Activity_Billable_True" time="0.240" /><testcase classname="Adapter.Test.test_Adapter_Activity" name="test_Adapter_Activity_Billable_No" time="0.268" /><testcase classname="Adapter.Test.test_Adapter_Activity" name="test_Adapter_Activity_Billable_Incorrect" time="0.244" /><testcase classname="Adapter.Test.test_Adapter_Gate" name="test_Adapter_Gate_Activate" time="0.015" /><testcase classname="Adapter.Test.test_Adapter_Gate" name="test_Adapter_Presence_Location_Incorrect" time="0.245" /><testcase classname="Adapter.Test.test_Adapter_Login" name="test_Adapter_Login_Activate" time="0.015" /><testcase classname="Adapter.Test.test_Adapter_Login" name="test_Adapter_Login_Api_Correct" time="0.016" /><testcase classname="Adapter.Test.test_Adapter_Login" name="test_Adapter_Login_Api_Incorrect" time="0.014" /><testcase classname="Adapter.Test.test_Adapter_Login" name="test_Adapter_Login_Already_Logged" time="0.069" /><testcase classname="Adapter.Test.test_Adapter_Logout" name="test_Logout_Correct" time="0.007" /><testcase classname="Adapter.Test.test_Adapter_Presence" name="test_Adapter_Presence_Activate" time="0.009" /><testcase classname="Adapter.Test.test_Adapter_Presence" name="test_Adapter_Presence_Location_Correct" time="0.252" /><testcase classname="Adapter.Test.test_Adapter_Presence" name="test_Adapter_Presence_Location_Incorrect" time="0.008" /><testcase classname="Adapter.Test.test_Adapter_Project_Creation" name="test_Adapter_Creation_Activate" time="0.012" /><testcase classname="Adapter.Test.test_Adapter_Project_Creation" name="test_Adapter_Creation_Code_Correct" time="0.213" /><testcase classname="Adapter.Test.test_Adapter_Project_Creation" name="test_Adapter_Creation_Code_Incorrect" time="0.269" /><testcase classname="Adapter.Test.test_Adapter_Project_Creation" name="test_Adapter_Creation_Description_Correct" time="0.234" /><testcase classname="Adapter.Test.test_Adapter_Project_Creation" name="test_Adapter_Creation_Client_Correct" time="0.275" /><testcase classname="Adapter.Test.test_Adapter_Project_Creation" name="test_Adapter_Creation_Manager_Correct" time="0.239" /><testcase classname="Adapter.Test.test_Adapter_Project_Creation" name="test_Adapter_Creation_Area_Correct_Imola" time="0.269" /><testcase classname="Adapter.Test.test_Adapter_Project_Creation" name="test_Adapter_Creation_Area_Correct_Bologna" time="0.238" /><testcase classname="Adapter.Test.test_Adapter_Project_Creation" name="test_Adapter_Creation_Area_Incorrect" time="0.208" /><testcase classname="Adapter.Test.test_Adapter_Project_Creation" name="test_Adapter_Creation_Start_Date_Correct" time="0.263" /><testcase classname="Adapter.Test.test_Adapter_Project_Creation" name="test_Adapter_Creation_Start_Date_Incorrect" time="0.237" /><testcase classname="Adapter.Test.test_Adapter_Project_Creation" name="test_Adapter_Creation_End_Date_Correct" time="0.272" /><testcase classname="Adapter.Test.test_Adapter_Project_Creation" name="test_Adapter_Creation_End_Date_Incorrect" time="0.242" /><testcase classname="Adapter.Test.test_Adapter_Undo" name="test_ouput_Consuntivazione" time="0.265" /><testcase classname="Adapter.Test.test_Adapter_Undo" name="test_output_Not_Logged" time="0.009" /><testcase classname="Adapter.Test.test_Adapter_Undo" name="test_output_No_Operation" time="0.007" /><testcase classname="State.Test.test_State_Null" name="test_State_Null" time="0.001" />
<testcase classname="Test.test_Server" name="test_Server_No_Login" time="0.011" /><testcase classname="Test.test_Server" name="test_Server_No_Adapter" time="0.015" /></testsuite></testsuites>